<?xml version="1.0" encoding="UTF-8"?>
<testng-results ignored="0" total="1" passed="0" failed="1" skipped="0">
  <reporter-output>
  </reporter-output>
  <suite started-at="2023-07-25T00:18:29 ICT" name="Suite Login Test" finished-at="2023-07-25T00:18:41 ICT" duration-ms="11862">
    <groups>
    </groups>
    <test started-at="2023-07-25T00:18:29 ICT" name="Login Test on Chrome" finished-at="2023-07-25T00:18:41 ICT" duration-ms="11862">
      <class name="SeleniumTestNGPOM.testcases.LoginTest">
        <test-method is-config="true" signature="createDriver(java.lang.String)[pri:0, instance:SeleniumTestNGPOM.testcases.LoginTest@26f96b85]" started-at="2023-07-25T00:18:30 ICT" name="createDriver" finished-at="2023-07-25T00:18:34 ICT" duration-ms="4615" status="PASS">
          <params>
            <param index="0">
              <value>
                <![CDATA[chrome]]>
              </value>
            </param>
          </params>
          <reporter-output>
          </reporter-output>
        </test-method> <!-- createDriver -->
        <test-method signature="loginPageSuccess()[pri:0, instance:SeleniumTestNGPOM.testcases.LoginTest@26f96b85]" started-at="2023-07-25T00:18:34 ICT" name="loginPageSuccess" finished-at="2023-07-25T00:18:39 ICT" duration-ms="5155" status="FAIL">
          <exception class="java.lang.AssertionError">
            <full-stacktrace>
              <![CDATA[java.lang.AssertionError: 
at org.testng.AssertJUnit.fail(AssertJUnit.java:65)
at org.testng.AssertJUnit.assertTrue(AssertJUnit.java:23)
at org.testng.AssertJUnit.assertTrue(AssertJUnit.java:33)
at SeleniumTestNGPOM.pages.login.LoginPage.pageLoginSuccess(LoginPage.java:112)
at SeleniumTestNGPOM.testcases.LoginTest.loginPageSuccess(LoginTest.java:78)
at java.base/jdk.internal.reflect.NativeMethodAccessorImpl.invoke0(Native Method)
at java.base/jdk.internal.reflect.NativeMethodAccessorImpl.invoke(NativeMethodAccessorImpl.java:64)
at java.base/jdk.internal.reflect.DelegatingMethodAccessorImpl.invoke(DelegatingMethodAccessorImpl.java:43)
at java.base/java.lang.reflect.Method.invoke(Method.java:564)
at org.testng.internal.invokers.MethodInvocationHelper.invokeMethod(MethodInvocationHelper.java:139)
at org.testng.internal.invokers.TestInvoker.invokeMethod(TestInvoker.java:677)
at org.testng.internal.invokers.TestInvoker.invokeTestMethod(TestInvoker.java:221)
at org.testng.internal.invokers.MethodRunner.runInSequence(MethodRunner.java:50)
at org.testng.internal.invokers.TestInvoker$MethodInvocationAgent.invoke(TestInvoker.java:969)
at org.testng.internal.invokers.TestInvoker.invokeTestMethods(TestInvoker.java:194)
at org.testng.internal.invokers.TestMethodWorker.invokeTestMethods(TestMethodWorker.java:148)
at org.testng.internal.invokers.TestMethodWorker.run(TestMethodWorker.java:128)
at java.base/java.util.concurrent.ThreadPoolExecutor.runWorker(ThreadPoolExecutor.java:1130)
at java.base/java.util.concurrent.ThreadPoolExecutor$Worker.run(ThreadPoolExecutor.java:630)
at java.base/java.lang.Thread.run(Thread.java:832)
]]>
            </full-stacktrace>
          </exception> <!-- java.lang.AssertionError -->
          <reporter-output>
          </reporter-output>
        </test-method> <!-- loginPageSuccess -->
        <test-method is-config="true" signature="closeDriver()[pri:0, instance:SeleniumTestNGPOM.testcases.LoginTest@26f96b85]" started-at="2023-07-25T00:18:40 ICT" name="closeDriver" finished-at="2023-07-25T00:18:41 ICT" duration-ms="1201" status="PASS">
          <reporter-output>
          </reporter-output>
        </test-method> <!-- closeDriver -->
      </class> <!-- SeleniumTestNGPOM.testcases.LoginTest -->
    </test> <!-- Login Test on Chrome -->
  </suite> <!-- Suite Login Test -->
</testng-results>
