<?xml version="1.0" encoding="UTF-8"?>
<!-- Generated by org.testng.reporters.JUnitXMLReporter -->
<testsuite ignored="0" hostname="DESKTOP-SGE7I0F" failures="1" tests="1" name="Login Test on Chrome" time="11.862" errors="0" timestamp="2023-07-25T00:18:41 ICT">
  <testcase classname="SeleniumTestNGPOM.testcases.LoginTest" name="loginPageSuccess" time="5.155">
    <failure type="java.lang.AssertionError">
      <![CDATA[java.lang.AssertionError: 
at SeleniumTestNGPOM.pages.login.LoginPage.pageLoginSuccess(LoginPage.java:112)
at SeleniumTestNGPOM.testcases.LoginTest.loginPageSuccess(LoginTest.java:78)
at java.base/java.util.concurrent.ThreadPoolExecutor.runWorker(ThreadPoolExecutor.java:1130)
at java.base/java.util.concurrent.ThreadPoolExecutor$Worker.run(ThreadPoolExecutor.java:630)
at java.base/java.lang.Thread.run(Thread.java:832)
... Removed 15 stack frames]]>
    </failure>
  </testcase> <!-- loginPageSuccess -->
</testsuite> <!-- Login Test on Chrome -->
